<?xml version="1.0" encoding="UTF-8"?>
<!-- Generated by org.testng.reporters.JUnitReportReporter -->
<testsuite hostname="DESKTOP-B3GDVAJ" failures="0" tests="4" name="com.ohrm.testcases.LoginPageTest" time="21.102" errors="0" timestamp="2023-01-23T15:15:04 GMT" skipped="0">
  <testcase classname="com.ohrm.testcases.LoginPageTest" name="validateLogin" time="5.321"/>
  <system-out/>
  <testcase classname="com.ohrm.testcases.LoginPageTest" name="forgotPasswordTest" time="8.960"/>
  <system-out/>
  <testcase classname="com.ohrm.testcases.LoginPageTest" name="companyLinkTest" time="3.738"/>
  <system-out/>
  <testcase classname="com.ohrm.testcases.LoginPageTest" name="validateTitleTest" time="3.083"/>
  <system-out/>
</testsuite> <!-- com.ohrm.testcases.LoginPageTest -->
