<?xml version="1.0" encoding="UTF-8"?>
<!-- Generated by org.testng.reporters.JUnitReportReporter -->
<testsuite hostname="DESKTOP-B3GDVAJ" failures="0" tests="6" name="com.ohrm.testcases.DashboardPageTest" time="37.237" errors="0" timestamp="2023-01-23T16:30:21 GMT" skipped="0">
  <testcase classname="com.ohrm.testcases.DashboardPageTest" name="employteeDistributionSubUnitSection" time="7.243"/>
  <system-out/>
  <testcase classname="com.ohrm.testcases.DashboardPageTest" name="quickStartSection" time="5.562"/>
  <system-out/>
  <testcase classname="com.ohrm.testcases.DashboardPageTest" name="buzzLatestPostsSection" time="6.018"/>
  <system-out/>
  <testcase classname="com.ohrm.testcases.DashboardPageTest" name="employeesLeaveTodaySection" time="7.751"/>
  <system-out/>
  <testcase classname="com.ohrm.testcases.DashboardPageTest" name="employeeDistributionLocationSection" time="5.793"/>
  <system-out/>
  <testcase classname="com.ohrm.testcases.DashboardPageTest" name="myActionSection" time="4.870"/>
  <system-out/>
</testsuite> <!-- com.ohrm.testcases.DashboardPageTest -->
