<?xml version="1.0" encoding="UTF-8"?>
<!-- Generated by org.testng.reporters.JUnitReportReporter -->
<testsuite hostname="DESKTOP-B3GDVAJ" failures="0" tests="4" name="com.ohrnm.pages.LoginPageTest" time="25.815" errors="0" timestamp="2023-01-19T16:15:12 GMT" skipped="0">
  <testcase classname="com.ohrnm.pages.LoginPageTest" name="companyLinkTest" time="6.911"/>
  <system-out/>
  <testcase classname="com.ohrnm.pages.LoginPageTest" name="forgotPasswordTest" time="9.514"/>
  <system-out/>
  <testcase classname="com.ohrnm.pages.LoginPageTest" name="validateLogin" time="5.676"/>
  <system-out/>
  <testcase classname="com.ohrnm.pages.LoginPageTest" name="validateTitleTest" time="3.714"/>
  <system-out/>
</testsuite> <!-- com.ohrnm.pages.LoginPageTest -->
