<?xml version="1.0" encoding="UTF-8"?>
<!-- Generated by org.testng.reporters.JUnitReportReporter -->
<testsuite hostname="DESKTOP-B3GDVAJ" failures="0" tests="6" name="com.ohrm.testcases.DashboardPageTest" time="53.693" errors="0" timestamp="2023-01-30T16:47:15 GMT" skipped="0">
  <testcase classname="com.ohrm.testcases.DashboardPageTest" name="myActionSection" time="11.078"/>
  <system-out/>
  <testcase classname="com.ohrm.testcases.DashboardPageTest" name="employeesLeaveTodaySection" time="9.135"/>
  <system-out/>
  <testcase classname="com.ohrm.testcases.DashboardPageTest" name="quickStartSection" time="9.233"/>
  <system-out/>
  <testcase classname="com.ohrm.testcases.DashboardPageTest" name="employeeDistributionLocationSection" time="7.191"/>
  <system-out/>
  <testcase classname="com.ohrm.testcases.DashboardPageTest" name="buzzLatestPostsSection" time="8.948"/>
  <system-out/>
  <testcase classname="com.ohrm.testcases.DashboardPageTest" name="employteeDistributionSubUnitSection" time="8.108"/>
  <system-out/>
</testsuite> <!-- com.ohrm.testcases.DashboardPageTest -->
