<?xml version="1.0" encoding="UTF-8"?>
<!-- Generated by org.testng.reporters.JUnitReportReporter -->
<testsuite hostname="DESKTOP-B3GDVAJ" failures="0" tests="4" name="com.ohrm.testcases.LoginPageTest" time="33.228" errors="0" timestamp="2023-01-30T16:47:15 GMT" skipped="0">
  <testcase classname="com.ohrm.testcases.LoginPageTest" name="validateTitleTest" time="14.284"/>
  <system-out/>
  <testcase classname="com.ohrm.testcases.LoginPageTest" name="validateLogin" time="6.657"/>
  <system-out/>
  <testcase classname="com.ohrm.testcases.LoginPageTest" name="companyLinkTest" time="5.774"/>
  <system-out/>
  <testcase classname="com.ohrm.testcases.LoginPageTest" name="forgotPasswordTest" time="6.513"/>
  <system-out/>
</testsuite> <!-- com.ohrm.testcases.LoginPageTest -->
